<?xml version="1.0" encoding="UTF-8"?>
<!-- Generated by org.testng.reporters.JUnitXMLReporter -->
<testsuite ignored="0" hostname="MSI" failures="0" tests="4" name="Default test" time="3.58" errors="0" timestamp="2022-05-28T02:05:19 IST">
  <testcase classname="MyPackage.RestAssuredTest" name="getRequest" time="1.253"/>
  <testcase classname="MyPackage.RestAssuredTest" name="postRequest" time="0.763"/>
  <testcase classname="MyPackage.RestAssuredTest" name="putRequest" time="0.66"/>
  <testcase classname="MyPackage.RestAssuredTest" name="deleteRequest" time="0.681"/>
</testsuite> <!-- Default test -->
